<?xml version="1.0" encoding="UTF-8"?>
<testsuite xmlns:xsi="http://www.w3.org/2001/XMLSchema-instance" xsi:noNamespaceSchemaLocation="https://maven.apache.org/surefire/maven-surefire-plugin/xsd/surefire-test-report.xsd" name="CallTest" time="0.031" tests="4" errors="0" skipped="0" failures="0">
  <properties>
[...]
</properties>
  <testcase name="SupervisorTest" classname="CallTest" time="0.016"/>
  <testcase name="noEmployeesTest" classname="CallTest" time="0.003"/>
  <testcase name="firstCallTest" classname="CallTest" time="0.001"/>
  <testcase name="ManagerTest" classname="CallTest" time="0.003"/>
</testsuite>